total 140K
drwxr-xr-x   1 root root 4.0K Aug 24 12:02 .
drwxr-xr-x   1 root root 4.0K Aug 24 12:02 ..
-rwxr-xr-x   1 root root    0 Aug 24 12:02 .dockerenv
-rw-r--r--   1 root root  12K Apr  2 18:39 anaconda-post.log
-rwxr-xr-x   1 root root  182 Jan  1  1970 apply.sh
lrwxrwxrwx   1 root root    7 Apr  2 18:38 bin -> usr/bin
drwxr-xr-x  10 root root 2.8K Aug 24 12:02 dev
drwxr-xr-x   1 root root 4.0K Aug 24 12:02 etc
drwxr-xr-x   2 root root 4.0K Nov  5  2016 home
-rw-r--r--   1 root root 5.6K Jan  1  1970 kubeconfig.kubeconfig
lrwxrwxrwx   1 root root    7 Apr  2 18:38 lib -> usr/lib
lrwxrwxrwx   1 root root    9 Apr  2 18:38 lib64 -> usr/lib64
-rw-r--r--   1 root root  60K Jan  1  1970 list.yaml
drwxr-xr-x   2 root root 4.0K Nov  5  2016 media
drwxr-xr-x   2 root root 4.0K Nov  5  2016 mnt
-rw-r--r--   1 root root    9 Jan  1  1970 namespace-file
drwxr-xr-x   2 root root 4.0K Nov  5  2016 opt
dr-xr-xr-x 302 root root    0 Aug 24 11:59 proc
dr-xr-x---   2 root root 4.0K Apr  2 18:39 root
drwxr-xr-x   1 root root 4.0K May  3 19:15 run
lrwxrwxrwx   1 root root    8 Apr  2 18:38 sbin -> usr/sbin
drwxr-xr-x   1 root root 4.0K May  3 19:14 srv
dr-xr-xr-x  13 root root    0 Aug 24 12:01 sys
drwxrwxrwt   1 root root 4.0K May  3 19:15 tmp
drwxr-xr-x   1 root root 4.0K Apr  2 18:38 usr
drwxr-xr-x   1 root root 4.0K Apr  2 18:38 var
imagestream.image.openshift.io "dotnet" configured
imagestream.image.openshift.io "httpd" configured
imagestream.image.openshift.io "jenkins" configured
imagestream.image.openshift.io "mariadb" configured
imagestream.image.openshift.io "mongodb" configured
imagestream.image.openshift.io "mysql" configured
imagestream.image.openshift.io "nginx" configured
imagestream.image.openshift.io "nodejs" configured
imagestream.image.openshift.io "perl" configured
imagestream.image.openshift.io "php" configured
imagestream.image.openshift.io "postgresql" configured
imagestream.image.openshift.io "python" configured
imagestream.image.openshift.io "redis" configured
imagestream.image.openshift.io "ruby" configured
imagestream.image.openshift.io "wildfly" configured
